The system is: Darwin - 14.5.0 - x86_64
Compiling the C compiler identification source file "CMakeCCompilerId.c" succeeded.
Compiler: /Applications/Xcode.app/Contents/Developer/Toolchains/XcodeDefault.xctoolchain/usr/bin/cc 
Build flags: -Wall;-mtune=core2;-g;-O2;
Id flags: 

The output was:
0


Compilation of the C compiler identification source "CMakeCCompilerId.c" produced "a.out"

The C compiler identification is AppleClang, found in "/Users/johnmuschelli/Dropbox/Packages/drammsr/src/dramms-1.4.3-source/build/bundle/src/BASIS-build/CMakeFiles/3.5.2/CompilerIdC/a.out"

Compiling the CXX compiler identification source file "CMakeCXXCompilerId.cpp" succeeded.
Compiler: /Applications/Xcode.app/Contents/Developer/Toolchains/XcodeDefault.xctoolchain/usr/bin/c++ 
Build flags: -Wall;-mtune=core2;-g;-O2;
Id flags: 

The output was:
0


Compilation of the CXX compiler identification source "CMakeCXXCompilerId.cpp" produced "a.out"

The CXX compiler identification is AppleClang, found in "/Users/johnmuschelli/Dropbox/Packages/drammsr/src/dramms-1.4.3-source/build/bundle/src/BASIS-build/CMakeFiles/3.5.2/CompilerIdCXX/a.out"

Determining if the C compiler works passed with the following output:
Change Dir: /Users/johnmuschelli/Dropbox/Packages/drammsr/src/dramms-1.4.3-source/build/bundle/src/BASIS-build/CMakeFiles/CMakeTmp

Run Build Command:"/opt/local/bin/gmake" "cmTC_bcc7e/fast"
gmake[4]: Entering directory '/Users/johnmuschelli/Dropbox/Packages/drammsr/src/dramms-1.4.3-source/build/bundle/src/BASIS-build/CMakeFiles/CMakeTmp'
make -f CMakeFiles/cmTC_bcc7e.dir/build.make CMakeFiles/cmTC_bcc7e.dir/build
make[5]: Entering directory `/Users/johnmuschelli/Dropbox/Packages/drammsr/src/dramms-1.4.3-source/build/bundle/src/BASIS-build/CMakeFiles/CMakeTmp'
Building C object CMakeFiles/cmTC_bcc7e.dir/testCCompiler.c.o
/Applications/Xcode.app/Contents/Developer/Toolchains/XcodeDefault.xctoolchain/usr/bin/cc    -Wall -mtune=core2 -g -O2      -o CMakeFiles/cmTC_bcc7e.dir/testCCompiler.c.o   -c /Users/johnmuschelli/Dropbox/Packages/drammsr/src/dramms-1.4.3-source/build/bundle/src/BASIS-build/CMakeFiles/CMakeTmp/testCCompiler.c
Linking C executable cmTC_bcc7e
/opt/local/bin/cmake -E cmake_link_script CMakeFiles/cmTC_bcc7e.dir/link.txt --verbose=1
/Applications/Xcode.app/Contents/Developer/Toolchains/XcodeDefault.xctoolchain/usr/bin/cc  -Wall -mtune=core2 -g -O2    -Wl,-search_paths_first -Wl,-headerpad_max_install_names   CMakeFiles/cmTC_bcc7e.dir/testCCompiler.c.o  -o cmTC_bcc7e  
make[5]: Leaving directory `/Users/johnmuschelli/Dropbox/Packages/drammsr/src/dramms-1.4.3-source/build/bundle/src/BASIS-build/CMakeFiles/CMakeTmp'
gmake[4]: Leaving directory '/Users/johnmuschelli/Dropbox/Packages/drammsr/src/dramms-1.4.3-source/build/bundle/src/BASIS-build/CMakeFiles/CMakeTmp'


Detecting C compiler ABI info compiled with the following output:
Change Dir: /Users/johnmuschelli/Dropbox/Packages/drammsr/src/dramms-1.4.3-source/build/bundle/src/BASIS-build/CMakeFiles/CMakeTmp

Run Build Command:"/opt/local/bin/gmake" "cmTC_08d3b/fast"
gmake[4]: Entering directory '/Users/johnmuschelli/Dropbox/Packages/drammsr/src/dramms-1.4.3-source/build/bundle/src/BASIS-build/CMakeFiles/CMakeTmp'
make -f CMakeFiles/cmTC_08d3b.dir/build.make CMakeFiles/cmTC_08d3b.dir/build
make[5]: Entering directory `/Users/johnmuschelli/Dropbox/Packages/drammsr/src/dramms-1.4.3-source/build/bundle/src/BASIS-build/CMakeFiles/CMakeTmp'
Building C object CMakeFiles/cmTC_08d3b.dir/CMakeCCompilerABI.c.o
/Applications/Xcode.app/Contents/Developer/Toolchains/XcodeDefault.xctoolchain/usr/bin/cc    -Wall -mtune=core2 -g -O2      -o CMakeFiles/cmTC_08d3b.dir/CMakeCCompilerABI.c.o   -c /opt/local/share/cmake-3.5/Modules/CMakeCCompilerABI.c
Linking C executable cmTC_08d3b
/opt/local/bin/cmake -E cmake_link_script CMakeFiles/cmTC_08d3b.dir/link.txt --verbose=1
/Applications/Xcode.app/Contents/Developer/Toolchains/XcodeDefault.xctoolchain/usr/bin/cc  -Wall -mtune=core2 -g -O2    -Wl,-search_paths_first -Wl,-headerpad_max_install_names  -v -Wl,-v CMakeFiles/cmTC_08d3b.dir/CMakeCCompilerABI.c.o  -o cmTC_08d3b   
Apple LLVM version 7.0.2 (clang-700.1.81)
Target: x86_64-apple-darwin14.5.0
Thread model: posix
 "/Applications/Xcode.app/Contents/Developer/Toolchains/XcodeDefault.xctoolchain/usr/bin/ld" -demangle -dynamic -arch x86_64 -macosx_version_min 10.10.0 -o cmTC_08d3b -search_paths_first -headerpad_max_install_names -v CMakeFiles/cmTC_08d3b.dir/CMakeCCompilerABI.c.o -lSystem /Applications/Xcode.app/Contents/Developer/Toolchains/XcodeDefault.xctoolchain/usr/bin/../lib/clang/7.0.2/lib/darwin/libclang_rt.osx.a
@(#)PROGRAM:ld  PROJECT:ld64-253.9
configured to support archs: armv6 armv7 armv7s arm64 i386 x86_64 x86_64h armv6m armv7k armv7m armv7em (tvOS)
Library search paths:
	/usr/lib
	/usr/local/lib
Framework search paths:
	/Library/Frameworks/
	/System/Library/Frameworks/
make[5]: Leaving directory `/Users/johnmuschelli/Dropbox/Packages/drammsr/src/dramms-1.4.3-source/build/bundle/src/BASIS-build/CMakeFiles/CMakeTmp'
gmake[4]: Leaving directory '/Users/johnmuschelli/Dropbox/Packages/drammsr/src/dramms-1.4.3-source/build/bundle/src/BASIS-build/CMakeFiles/CMakeTmp'


Parsed C implicit link information from above output:
  link line regex: [^( *|.*[/\])(ld|([^/\]+-)?ld|collect2)[^/\]*( |$)]
  ignore line: [Change Dir: /Users/johnmuschelli/Dropbox/Packages/drammsr/src/dramms-1.4.3-source/build/bundle/src/BASIS-build/CMakeFiles/CMakeTmp]
  ignore line: []
  ignore line: [Run Build Command:"/opt/local/bin/gmake" "cmTC_08d3b/fast"]
  ignore line: [gmake[4]: Entering directory '/Users/johnmuschelli/Dropbox/Packages/drammsr/src/dramms-1.4.3-source/build/bundle/src/BASIS-build/CMakeFiles/CMakeTmp']
  ignore line: [make -f CMakeFiles/cmTC_08d3b.dir/build.make CMakeFiles/cmTC_08d3b.dir/build]
  ignore line: [make[5]: Entering directory `/Users/johnmuschelli/Dropbox/Packages/drammsr/src/dramms-1.4.3-source/build/bundle/src/BASIS-build/CMakeFiles/CMakeTmp']
  ignore line: [Building C object CMakeFiles/cmTC_08d3b.dir/CMakeCCompilerABI.c.o]
  ignore line: [/Applications/Xcode.app/Contents/Developer/Toolchains/XcodeDefault.xctoolchain/usr/bin/cc    -Wall -mtune=core2 -g -O2      -o CMakeFiles/cmTC_08d3b.dir/CMakeCCompilerABI.c.o   -c /opt/local/share/cmake-3.5/Modules/CMakeCCompilerABI.c]
  ignore line: [Linking C executable cmTC_08d3b]
  ignore line: [/opt/local/bin/cmake -E cmake_link_script CMakeFiles/cmTC_08d3b.dir/link.txt --verbose=1]
  ignore line: [/Applications/Xcode.app/Contents/Developer/Toolchains/XcodeDefault.xctoolchain/usr/bin/cc  -Wall -mtune=core2 -g -O2    -Wl,-search_paths_first -Wl,-headerpad_max_install_names  -v -Wl,-v CMakeFiles/cmTC_08d3b.dir/CMakeCCompilerABI.c.o  -o cmTC_08d3b   ]
  ignore line: [Apple LLVM version 7.0.2 (clang-700.1.81)]
  ignore line: [Target: x86_64-apple-darwin14.5.0]
  ignore line: [Thread model: posix]
  link line: [ "/Applications/Xcode.app/Contents/Developer/Toolchains/XcodeDefault.xctoolchain/usr/bin/ld" -demangle -dynamic -arch x86_64 -macosx_version_min 10.10.0 -o cmTC_08d3b -search_paths_first -headerpad_max_install_names -v CMakeFiles/cmTC_08d3b.dir/CMakeCCompilerABI.c.o -lSystem /Applications/Xcode.app/Contents/Developer/Toolchains/XcodeDefault.xctoolchain/usr/bin/../lib/clang/7.0.2/lib/darwin/libclang_rt.osx.a]
    arg [/Applications/Xcode.app/Contents/Developer/Toolchains/XcodeDefault.xctoolchain/usr/bin/ld] ==> ignore
    arg [-demangle] ==> ignore
    arg [-dynamic] ==> ignore
    arg [-arch] ==> ignore
    arg [x86_64] ==> ignore
    arg [-macosx_version_min] ==> ignore
    arg [10.10.0] ==> ignore
    arg [-o] ==> ignore
    arg [cmTC_08d3b] ==> ignore
    arg [-search_paths_first] ==> ignore
    arg [-headerpad_max_install_names] ==> ignore
    arg [-v] ==> ignore
    arg [CMakeFiles/cmTC_08d3b.dir/CMakeCCompilerABI.c.o] ==> ignore
    arg [-lSystem] ==> lib [System]
    arg [/Applications/Xcode.app/Contents/Developer/Toolchains/XcodeDefault.xctoolchain/usr/bin/../lib/clang/7.0.2/lib/darwin/libclang_rt.osx.a] ==> lib [/Applications/Xcode.app/Contents/Developer/Toolchains/XcodeDefault.xctoolchain/usr/bin/../lib/clang/7.0.2/lib/darwin/libclang_rt.osx.a]
  Library search paths: [;/usr/lib;/usr/local/lib]
  Framework search paths: [;/Library/Frameworks/;/System/Library/Frameworks/]
  remove lib [System]
  collapse lib [/Applications/Xcode.app/Contents/Developer/Toolchains/XcodeDefault.xctoolchain/usr/bin/../lib/clang/7.0.2/lib/darwin/libclang_rt.osx.a] ==> [/Applications/Xcode.app/Contents/Developer/Toolchains/XcodeDefault.xctoolchain/usr/lib/clang/7.0.2/lib/darwin/libclang_rt.osx.a]
  collapse library dir [/usr/lib] ==> [/usr/lib]
  collapse library dir [/usr/local/lib] ==> [/usr/local/lib]
  collapse framework dir [/Library/Frameworks/] ==> [/Library/Frameworks]
  collapse framework dir [/System/Library/Frameworks/] ==> [/System/Library/Frameworks]
  implicit libs: [/Applications/Xcode.app/Contents/Developer/Toolchains/XcodeDefault.xctoolchain/usr/lib/clang/7.0.2/lib/darwin/libclang_rt.osx.a]
  implicit dirs: [/usr/lib;/usr/local/lib]
  implicit fwks: [/Library/Frameworks;/System/Library/Frameworks]




Detecting C [-std=c11] compiler features compiled with the following output:
Change Dir: /Users/johnmuschelli/Dropbox/Packages/drammsr/src/dramms-1.4.3-source/build/bundle/src/BASIS-build/CMakeFiles/CMakeTmp

Run Build Command:"/opt/local/bin/gmake" "cmTC_b2e9e/fast"
gmake[4]: Entering directory '/Users/johnmuschelli/Dropbox/Packages/drammsr/src/dramms-1.4.3-source/build/bundle/src/BASIS-build/CMakeFiles/CMakeTmp'
make -f CMakeFiles/cmTC_b2e9e.dir/build.make CMakeFiles/cmTC_b2e9e.dir/build
make[5]: Entering directory `/Users/johnmuschelli/Dropbox/Packages/drammsr/src/dramms-1.4.3-source/build/bundle/src/BASIS-build/CMakeFiles/CMakeTmp'
Building C object CMakeFiles/cmTC_b2e9e.dir/feature_tests.c.o
/Applications/Xcode.app/Contents/Developer/Toolchains/XcodeDefault.xctoolchain/usr/bin/cc    -Wall -mtune=core2 -g -O2      -std=c11 -o CMakeFiles/cmTC_b2e9e.dir/feature_tests.c.o   -c /Users/johnmuschelli/Dropbox/Packages/drammsr/src/dramms-1.4.3-source/build/bundle/src/BASIS-build/CMakeFiles/feature_tests.c
Linking C executable cmTC_b2e9e
/opt/local/bin/cmake -E cmake_link_script CMakeFiles/cmTC_b2e9e.dir/link.txt --verbose=1
/Applications/Xcode.app/Contents/Developer/Toolchains/XcodeDefault.xctoolchain/usr/bin/cc  -Wall -mtune=core2 -g -O2    -Wl,-search_paths_first -Wl,-headerpad_max_install_names   CMakeFiles/cmTC_b2e9e.dir/feature_tests.c.o  -o cmTC_b2e9e  
make[5]: Leaving directory `/Users/johnmuschelli/Dropbox/Packages/drammsr/src/dramms-1.4.3-source/build/bundle/src/BASIS-build/CMakeFiles/CMakeTmp'
gmake[4]: Leaving directory '/Users/johnmuschelli/Dropbox/Packages/drammsr/src/dramms-1.4.3-source/build/bundle/src/BASIS-build/CMakeFiles/CMakeTmp'


    Feature record: C_FEATURE:1c_function_prototypes
    Feature record: C_FEATURE:1c_restrict
    Feature record: C_FEATURE:1c_static_assert
    Feature record: C_FEATURE:1c_variadic_macros


Detecting C [-std=c99] compiler features compiled with the following output:
Change Dir: /Users/johnmuschelli/Dropbox/Packages/drammsr/src/dramms-1.4.3-source/build/bundle/src/BASIS-build/CMakeFiles/CMakeTmp

Run Build Command:"/opt/local/bin/gmake" "cmTC_f7c80/fast"
gmake[4]: Entering directory '/Users/johnmuschelli/Dropbox/Packages/drammsr/src/dramms-1.4.3-source/build/bundle/src/BASIS-build/CMakeFiles/CMakeTmp'
make -f CMakeFiles/cmTC_f7c80.dir/build.make CMakeFiles/cmTC_f7c80.dir/build
make[5]: Entering directory `/Users/johnmuschelli/Dropbox/Packages/drammsr/src/dramms-1.4.3-source/build/bundle/src/BASIS-build/CMakeFiles/CMakeTmp'
Building C object CMakeFiles/cmTC_f7c80.dir/feature_tests.c.o
/Applications/Xcode.app/Contents/Developer/Toolchains/XcodeDefault.xctoolchain/usr/bin/cc    -Wall -mtune=core2 -g -O2      -std=c99 -o CMakeFiles/cmTC_f7c80.dir/feature_tests.c.o   -c /Users/johnmuschelli/Dropbox/Packages/drammsr/src/dramms-1.4.3-source/build/bundle/src/BASIS-build/CMakeFiles/feature_tests.c
Linking C executable cmTC_f7c80
/opt/local/bin/cmake -E cmake_link_script CMakeFiles/cmTC_f7c80.dir/link.txt --verbose=1
/Applications/Xcode.app/Contents/Developer/Toolchains/XcodeDefault.xctoolchain/usr/bin/cc  -Wall -mtune=core2 -g -O2    -Wl,-search_paths_first -Wl,-headerpad_max_install_names   CMakeFiles/cmTC_f7c80.dir/feature_tests.c.o  -o cmTC_f7c80  
make[5]: Leaving directory `/Users/johnmuschelli/Dropbox/Packages/drammsr/src/dramms-1.4.3-source/build/bundle/src/BASIS-build/CMakeFiles/CMakeTmp'
gmake[4]: Leaving directory '/Users/johnmuschelli/Dropbox/Packages/drammsr/src/dramms-1.4.3-source/build/bundle/src/BASIS-build/CMakeFiles/CMakeTmp'


    Feature record: C_FEATURE:1c_function_prototypes
    Feature record: C_FEATURE:1c_restrict
    Feature record: C_FEATURE:0c_static_assert
    Feature record: C_FEATURE:1c_variadic_macros


Detecting C [-std=c90] compiler features compiled with the following output:
Change Dir: /Users/johnmuschelli/Dropbox/Packages/drammsr/src/dramms-1.4.3-source/build/bundle/src/BASIS-build/CMakeFiles/CMakeTmp

Run Build Command:"/opt/local/bin/gmake" "cmTC_dd595/fast"
gmake[4]: Entering directory '/Users/johnmuschelli/Dropbox/Packages/drammsr/src/dramms-1.4.3-source/build/bundle/src/BASIS-build/CMakeFiles/CMakeTmp'
make -f CMakeFiles/cmTC_dd595.dir/build.make CMakeFiles/cmTC_dd595.dir/build
make[5]: Entering directory `/Users/johnmuschelli/Dropbox/Packages/drammsr/src/dramms-1.4.3-source/build/bundle/src/BASIS-build/CMakeFiles/CMakeTmp'
Building C object CMakeFiles/cmTC_dd595.dir/feature_tests.c.o
/Applications/Xcode.app/Contents/Developer/Toolchains/XcodeDefault.xctoolchain/usr/bin/cc    -Wall -mtune=core2 -g -O2      -std=c90 -o CMakeFiles/cmTC_dd595.dir/feature_tests.c.o   -c /Users/johnmuschelli/Dropbox/Packages/drammsr/src/dramms-1.4.3-source/build/bundle/src/BASIS-build/CMakeFiles/feature_tests.c
Linking C executable cmTC_dd595
/opt/local/bin/cmake -E cmake_link_script CMakeFiles/cmTC_dd595.dir/link.txt --verbose=1
/Applications/Xcode.app/Contents/Developer/Toolchains/XcodeDefault.xctoolchain/usr/bin/cc  -Wall -mtune=core2 -g -O2    -Wl,-search_paths_first -Wl,-headerpad_max_install_names   CMakeFiles/cmTC_dd595.dir/feature_tests.c.o  -o cmTC_dd595  
make[5]: Leaving directory `/Users/johnmuschelli/Dropbox/Packages/drammsr/src/dramms-1.4.3-source/build/bundle/src/BASIS-build/CMakeFiles/CMakeTmp'
gmake[4]: Leaving directory '/Users/johnmuschelli/Dropbox/Packages/drammsr/src/dramms-1.4.3-source/build/bundle/src/BASIS-build/CMakeFiles/CMakeTmp'


    Feature record: C_FEATURE:1c_function_prototypes
    Feature record: C_FEATURE:0c_restrict
    Feature record: C_FEATURE:0c_static_assert
    Feature record: C_FEATURE:0c_variadic_macros
Determining if the CXX compiler works passed with the following output:
Change Dir: /Users/johnmuschelli/Dropbox/Packages/drammsr/src/dramms-1.4.3-source/build/bundle/src/BASIS-build/CMakeFiles/CMakeTmp

Run Build Command:"/opt/local/bin/gmake" "cmTC_02bd7/fast"
gmake[4]: Entering directory '/Users/johnmuschelli/Dropbox/Packages/drammsr/src/dramms-1.4.3-source/build/bundle/src/BASIS-build/CMakeFiles/CMakeTmp'
make -f CMakeFiles/cmTC_02bd7.dir/build.make CMakeFiles/cmTC_02bd7.dir/build
make[5]: Entering directory `/Users/johnmuschelli/Dropbox/Packages/drammsr/src/dramms-1.4.3-source/build/bundle/src/BASIS-build/CMakeFiles/CMakeTmp'
Building CXX object CMakeFiles/cmTC_02bd7.dir/testCXXCompiler.cxx.o
/Applications/Xcode.app/Contents/Developer/Toolchains/XcodeDefault.xctoolchain/usr/bin/c++     -Wall -mtune=core2 -g -O2      -o CMakeFiles/cmTC_02bd7.dir/testCXXCompiler.cxx.o -c /Users/johnmuschelli/Dropbox/Packages/drammsr/src/dramms-1.4.3-source/build/bundle/src/BASIS-build/CMakeFiles/CMakeTmp/testCXXCompiler.cxx
Linking CXX executable cmTC_02bd7
/opt/local/bin/cmake -E cmake_link_script CMakeFiles/cmTC_02bd7.dir/link.txt --verbose=1
/Applications/Xcode.app/Contents/Developer/Toolchains/XcodeDefault.xctoolchain/usr/bin/c++   -Wall -mtune=core2 -g -O2    -Wl,-search_paths_first -Wl,-headerpad_max_install_names   CMakeFiles/cmTC_02bd7.dir/testCXXCompiler.cxx.o  -o cmTC_02bd7  
make[5]: Leaving directory `/Users/johnmuschelli/Dropbox/Packages/drammsr/src/dramms-1.4.3-source/build/bundle/src/BASIS-build/CMakeFiles/CMakeTmp'
gmake[4]: Leaving directory '/Users/johnmuschelli/Dropbox/Packages/drammsr/src/dramms-1.4.3-source/build/bundle/src/BASIS-build/CMakeFiles/CMakeTmp'


Detecting CXX compiler ABI info compiled with the following output:
Change Dir: /Users/johnmuschelli/Dropbox/Packages/drammsr/src/dramms-1.4.3-source/build/bundle/src/BASIS-build/CMakeFiles/CMakeTmp

Run Build Command:"/opt/local/bin/gmake" "cmTC_1dec9/fast"
gmake[4]: Entering directory '/Users/johnmuschelli/Dropbox/Packages/drammsr/src/dramms-1.4.3-source/build/bundle/src/BASIS-build/CMakeFiles/CMakeTmp'
make -f CMakeFiles/cmTC_1dec9.dir/build.make CMakeFiles/cmTC_1dec9.dir/build
make[5]: Entering directory `/Users/johnmuschelli/Dropbox/Packages/drammsr/src/dramms-1.4.3-source/build/bundle/src/BASIS-build/CMakeFiles/CMakeTmp'
Building CXX object CMakeFiles/cmTC_1dec9.dir/CMakeCXXCompilerABI.cpp.o
/Applications/Xcode.app/Contents/Developer/Toolchains/XcodeDefault.xctoolchain/usr/bin/c++     -Wall -mtune=core2 -g -O2      -o CMakeFiles/cmTC_1dec9.dir/CMakeCXXCompilerABI.cpp.o -c /opt/local/share/cmake-3.5/Modules/CMakeCXXCompilerABI.cpp
Linking CXX executable cmTC_1dec9
/opt/local/bin/cmake -E cmake_link_script CMakeFiles/cmTC_1dec9.dir/link.txt --verbose=1
/Applications/Xcode.app/Contents/Developer/Toolchains/XcodeDefault.xctoolchain/usr/bin/c++   -Wall -mtune=core2 -g -O2    -Wl,-search_paths_first -Wl,-headerpad_max_install_names  -v -Wl,-v CMakeFiles/cmTC_1dec9.dir/CMakeCXXCompilerABI.cpp.o  -o cmTC_1dec9   
Apple LLVM version 7.0.2 (clang-700.1.81)
Target: x86_64-apple-darwin14.5.0
Thread model: posix
 "/Applications/Xcode.app/Contents/Developer/Toolchains/XcodeDefault.xctoolchain/usr/bin/ld" -demangle -dynamic -arch x86_64 -macosx_version_min 10.10.0 -o cmTC_1dec9 -search_paths_first -headerpad_max_install_names -v CMakeFiles/cmTC_1dec9.dir/CMakeCXXCompilerABI.cpp.o -lc++ -lSystem /Applications/Xcode.app/Contents/Developer/Toolchains/XcodeDefault.xctoolchain/usr/bin/../lib/clang/7.0.2/lib/darwin/libclang_rt.osx.a
@(#)PROGRAM:ld  PROJECT:ld64-253.9
configured to support archs: armv6 armv7 armv7s arm64 i386 x86_64 x86_64h armv6m armv7k armv7m armv7em (tvOS)
Library search paths:
	/usr/lib
	/usr/local/lib
Framework search paths:
	/Library/Frameworks/
	/System/Library/Frameworks/
make[5]: Leaving directory `/Users/johnmuschelli/Dropbox/Packages/drammsr/src/dramms-1.4.3-source/build/bundle/src/BASIS-build/CMakeFiles/CMakeTmp'
gmake[4]: Leaving directory '/Users/johnmuschelli/Dropbox/Packages/drammsr/src/dramms-1.4.3-source/build/bundle/src/BASIS-build/CMakeFiles/CMakeTmp'


Parsed CXX implicit link information from above output:
  link line regex: [^( *|.*[/\])(ld|([^/\]+-)?ld|collect2)[^/\]*( |$)]
  ignore line: [Change Dir: /Users/johnmuschelli/Dropbox/Packages/drammsr/src/dramms-1.4.3-source/build/bundle/src/BASIS-build/CMakeFiles/CMakeTmp]
  ignore line: []
  ignore line: [Run Build Command:"/opt/local/bin/gmake" "cmTC_1dec9/fast"]
  ignore line: [gmake[4]: Entering directory '/Users/johnmuschelli/Dropbox/Packages/drammsr/src/dramms-1.4.3-source/build/bundle/src/BASIS-build/CMakeFiles/CMakeTmp']
  ignore line: [make -f CMakeFiles/cmTC_1dec9.dir/build.make CMakeFiles/cmTC_1dec9.dir/build]
  ignore line: [make[5]: Entering directory `/Users/johnmuschelli/Dropbox/Packages/drammsr/src/dramms-1.4.3-source/build/bundle/src/BASIS-build/CMakeFiles/CMakeTmp']
  ignore line: [Building CXX object CMakeFiles/cmTC_1dec9.dir/CMakeCXXCompilerABI.cpp.o]
  ignore line: [/Applications/Xcode.app/Contents/Developer/Toolchains/XcodeDefault.xctoolchain/usr/bin/c++     -Wall -mtune=core2 -g -O2      -o CMakeFiles/cmTC_1dec9.dir/CMakeCXXCompilerABI.cpp.o -c /opt/local/share/cmake-3.5/Modules/CMakeCXXCompilerABI.cpp]
  ignore line: [Linking CXX executable cmTC_1dec9]
  ignore line: [/opt/local/bin/cmake -E cmake_link_script CMakeFiles/cmTC_1dec9.dir/link.txt --verbose=1]
  ignore line: [/Applications/Xcode.app/Contents/Developer/Toolchains/XcodeDefault.xctoolchain/usr/bin/c++   -Wall -mtune=core2 -g -O2    -Wl,-search_paths_first -Wl,-headerpad_max_install_names  -v -Wl,-v CMakeFiles/cmTC_1dec9.dir/CMakeCXXCompilerABI.cpp.o  -o cmTC_1dec9   ]
  ignore line: [Apple LLVM version 7.0.2 (clang-700.1.81)]
  ignore line: [Target: x86_64-apple-darwin14.5.0]
  ignore line: [Thread model: posix]
  link line: [ "/Applications/Xcode.app/Contents/Developer/Toolchains/XcodeDefault.xctoolchain/usr/bin/ld" -demangle -dynamic -arch x86_64 -macosx_version_min 10.10.0 -o cmTC_1dec9 -search_paths_first -headerpad_max_install_names -v CMakeFiles/cmTC_1dec9.dir/CMakeCXXCompilerABI.cpp.o -lc++ -lSystem /Applications/Xcode.app/Contents/Developer/Toolchains/XcodeDefault.xctoolchain/usr/bin/../lib/clang/7.0.2/lib/darwin/libclang_rt.osx.a]
    arg [/Applications/Xcode.app/Contents/Developer/Toolchains/XcodeDefault.xctoolchain/usr/bin/ld] ==> ignore
    arg [-demangle] ==> ignore
    arg [-dynamic] ==> ignore
    arg [-arch] ==> ignore
    arg [x86_64] ==> ignore
    arg [-macosx_version_min] ==> ignore
    arg [10.10.0] ==> ignore
    arg [-o] ==> ignore
    arg [cmTC_1dec9] ==> ignore
    arg [-search_paths_first] ==> ignore
    arg [-headerpad_max_install_names] ==> ignore
    arg [-v] ==> ignore
    arg [CMakeFiles/cmTC_1dec9.dir/CMakeCXXCompilerABI.cpp.o] ==> ignore
    arg [-lc++] ==> lib [c++]
    arg [-lSystem] ==> lib [System]
    arg [/Applications/Xcode.app/Contents/Developer/Toolchains/XcodeDefault.xctoolchain/usr/bin/../lib/clang/7.0.2/lib/darwin/libclang_rt.osx.a] ==> lib [/Applications/Xcode.app/Contents/Developer/Toolchains/XcodeDefault.xctoolchain/usr/bin/../lib/clang/7.0.2/lib/darwin/libclang_rt.osx.a]
  Library search paths: [;/usr/lib;/usr/local/lib]
  Framework search paths: [;/Library/Frameworks/;/System/Library/Frameworks/]
  remove lib [System]
  collapse lib [/Applications/Xcode.app/Contents/Developer/Toolchains/XcodeDefault.xctoolchain/usr/bin/../lib/clang/7.0.2/lib/darwin/libclang_rt.osx.a] ==> [/Applications/Xcode.app/Contents/Developer/Toolchains/XcodeDefault.xctoolchain/usr/lib/clang/7.0.2/lib/darwin/libclang_rt.osx.a]
  collapse library dir [/usr/lib] ==> [/usr/lib]
  collapse library dir [/usr/local/lib] ==> [/usr/local/lib]
  collapse framework dir [/Library/Frameworks/] ==> [/Library/Frameworks]
  collapse framework dir [/System/Library/Frameworks/] ==> [/System/Library/Frameworks]
  implicit libs: [c++;/Applications/Xcode.app/Contents/Developer/Toolchains/XcodeDefault.xctoolchain/usr/lib/clang/7.0.2/lib/darwin/libclang_rt.osx.a]
  implicit dirs: [/usr/lib;/usr/local/lib]
  implicit fwks: [/Library/Frameworks;/System/Library/Frameworks]




Detecting CXX [-std=c++14] compiler features compiled with the following output:
Change Dir: /Users/johnmuschelli/Dropbox/Packages/drammsr/src/dramms-1.4.3-source/build/bundle/src/BASIS-build/CMakeFiles/CMakeTmp

Run Build Command:"/opt/local/bin/gmake" "cmTC_f66cf/fast"
gmake[4]: Entering directory '/Users/johnmuschelli/Dropbox/Packages/drammsr/src/dramms-1.4.3-source/build/bundle/src/BASIS-build/CMakeFiles/CMakeTmp'
make -f CMakeFiles/cmTC_f66cf.dir/build.make CMakeFiles/cmTC_f66cf.dir/build
make[5]: Entering directory `/Users/johnmuschelli/Dropbox/Packages/drammsr/src/dramms-1.4.3-source/build/bundle/src/BASIS-build/CMakeFiles/CMakeTmp'
Building CXX object CMakeFiles/cmTC_f66cf.dir/feature_tests.cxx.o
/Applications/Xcode.app/Contents/Developer/Toolchains/XcodeDefault.xctoolchain/usr/bin/c++     -Wall -mtune=core2 -g -O2      -std=c++14 -o CMakeFiles/cmTC_f66cf.dir/feature_tests.cxx.o -c /Users/johnmuschelli/Dropbox/Packages/drammsr/src/dramms-1.4.3-source/build/bundle/src/BASIS-build/CMakeFiles/feature_tests.cxx
Linking CXX executable cmTC_f66cf
/opt/local/bin/cmake -E cmake_link_script CMakeFiles/cmTC_f66cf.dir/link.txt --verbose=1
/Applications/Xcode.app/Contents/Developer/Toolchains/XcodeDefault.xctoolchain/usr/bin/c++   -Wall -mtune=core2 -g -O2    -Wl,-search_paths_first -Wl,-headerpad_max_install_names   CMakeFiles/cmTC_f66cf.dir/feature_tests.cxx.o  -o cmTC_f66cf  
make[5]: Leaving directory `/Users/johnmuschelli/Dropbox/Packages/drammsr/src/dramms-1.4.3-source/build/bundle/src/BASIS-build/CMakeFiles/CMakeTmp'
gmake[4]: Leaving directory '/Users/johnmuschelli/Dropbox/Packages/drammsr/src/dramms-1.4.3-source/build/bundle/src/BASIS-build/CMakeFiles/CMakeTmp'


    Feature record: CXX_FEATURE:1cxx_aggregate_default_initializers
    Feature record: CXX_FEATURE:1cxx_alias_templates
    Feature record: CXX_FEATURE:1cxx_alignas
    Feature record: CXX_FEATURE:1cxx_alignof
    Feature record: CXX_FEATURE:1cxx_attributes
    Feature record: CXX_FEATURE:1cxx_attribute_deprecated
    Feature record: CXX_FEATURE:1cxx_auto_type
    Feature record: CXX_FEATURE:1cxx_binary_literals
    Feature record: CXX_FEATURE:1cxx_constexpr
    Feature record: CXX_FEATURE:1cxx_contextual_conversions
    Feature record: CXX_FEATURE:1cxx_decltype
    Feature record: CXX_FEATURE:1cxx_decltype_auto
    Feature record: CXX_FEATURE:1cxx_decltype_incomplete_return_types
    Feature record: CXX_FEATURE:1cxx_default_function_template_args
    Feature record: CXX_FEATURE:1cxx_defaulted_functions
    Feature record: CXX_FEATURE:1cxx_defaulted_move_initializers
    Feature record: CXX_FEATURE:1cxx_delegating_constructors
    Feature record: CXX_FEATURE:1cxx_deleted_functions
    Feature record: CXX_FEATURE:1cxx_digit_separators
    Feature record: CXX_FEATURE:1cxx_enum_forward_declarations
    Feature record: CXX_FEATURE:1cxx_explicit_conversions
    Feature record: CXX_FEATURE:1cxx_extended_friend_declarations
    Feature record: CXX_FEATURE:1cxx_extern_templates
    Feature record: CXX_FEATURE:1cxx_final
    Feature record: CXX_FEATURE:1cxx_func_identifier
    Feature record: CXX_FEATURE:1cxx_generalized_initializers
    Feature record: CXX_FEATURE:1cxx_generic_lambdas
    Feature record: CXX_FEATURE:1cxx_inheriting_constructors
    Feature record: CXX_FEATURE:1cxx_inline_namespaces
    Feature record: CXX_FEATURE:1cxx_lambdas
    Feature record: CXX_FEATURE:1cxx_lambda_init_captures
    Feature record: CXX_FEATURE:1cxx_local_type_template_args
    Feature record: CXX_FEATURE:1cxx_long_long_type
    Feature record: CXX_FEATURE:1cxx_noexcept
    Feature record: CXX_FEATURE:1cxx_nonstatic_member_init
    Feature record: CXX_FEATURE:1cxx_nullptr
    Feature record: CXX_FEATURE:1cxx_override
    Feature record: CXX_FEATURE:1cxx_range_for
    Feature record: CXX_FEATURE:1cxx_raw_string_literals
    Feature record: CXX_FEATURE:1cxx_reference_qualified_functions
    Feature record: CXX_FEATURE:1cxx_relaxed_constexpr
    Feature record: CXX_FEATURE:1cxx_return_type_deduction
    Feature record: CXX_FEATURE:1cxx_right_angle_brackets
    Feature record: CXX_FEATURE:1cxx_rvalue_references
    Feature record: CXX_FEATURE:1cxx_sizeof_member
    Feature record: CXX_FEATURE:1cxx_static_assert
    Feature record: CXX_FEATURE:1cxx_strong_enums
    Feature record: CXX_FEATURE:1cxx_template_template_parameters
    Feature record: CXX_FEATURE:0cxx_thread_local
    Feature record: CXX_FEATURE:1cxx_trailing_return_types
    Feature record: CXX_FEATURE:1cxx_unicode_literals
    Feature record: CXX_FEATURE:1cxx_uniform_initialization
    Feature record: CXX_FEATURE:1cxx_unrestricted_unions
    Feature record: CXX_FEATURE:1cxx_user_literals
    Feature record: CXX_FEATURE:1cxx_variable_templates
    Feature record: CXX_FEATURE:1cxx_variadic_macros
    Feature record: CXX_FEATURE:1cxx_variadic_templates


Detecting CXX [-std=c++11] compiler features compiled with the following output:
Change Dir: /Users/johnmuschelli/Dropbox/Packages/drammsr/src/dramms-1.4.3-source/build/bundle/src/BASIS-build/CMakeFiles/CMakeTmp

Run Build Command:"/opt/local/bin/gmake" "cmTC_c7a9e/fast"
gmake[4]: Entering directory '/Users/johnmuschelli/Dropbox/Packages/drammsr/src/dramms-1.4.3-source/build/bundle/src/BASIS-build/CMakeFiles/CMakeTmp'
make -f CMakeFiles/cmTC_c7a9e.dir/build.make CMakeFiles/cmTC_c7a9e.dir/build
make[5]: Entering directory `/Users/johnmuschelli/Dropbox/Packages/drammsr/src/dramms-1.4.3-source/build/bundle/src/BASIS-build/CMakeFiles/CMakeTmp'
Building CXX object CMakeFiles/cmTC_c7a9e.dir/feature_tests.cxx.o
/Applications/Xcode.app/Contents/Developer/Toolchains/XcodeDefault.xctoolchain/usr/bin/c++     -Wall -mtune=core2 -g -O2      -std=c++11 -o CMakeFiles/cmTC_c7a9e.dir/feature_tests.cxx.o -c /Users/johnmuschelli/Dropbox/Packages/drammsr/src/dramms-1.4.3-source/build/bundle/src/BASIS-build/CMakeFiles/feature_tests.cxx
Linking CXX executable cmTC_c7a9e
/opt/local/bin/cmake -E cmake_link_script CMakeFiles/cmTC_c7a9e.dir/link.txt --verbose=1
/Applications/Xcode.app/Contents/Developer/Toolchains/XcodeDefault.xctoolchain/usr/bin/c++   -Wall -mtune=core2 -g -O2    -Wl,-search_paths_first -Wl,-headerpad_max_install_names   CMakeFiles/cmTC_c7a9e.dir/feature_tests.cxx.o  -o cmTC_c7a9e  
make[5]: Leaving directory `/Users/johnmuschelli/Dropbox/Packages/drammsr/src/dramms-1.4.3-source/build/bundle/src/BASIS-build/CMakeFiles/CMakeTmp'
gmake[4]: Leaving directory '/Users/johnmuschelli/Dropbox/Packages/drammsr/src/dramms-1.4.3-source/build/bundle/src/BASIS-build/CMakeFiles/CMakeTmp'


    Feature record: CXX_FEATURE:0cxx_aggregate_default_initializers
    Feature record: CXX_FEATURE:1cxx_alias_templates
    Feature record: CXX_FEATURE:1cxx_alignas
    Feature record: CXX_FEATURE:1cxx_alignof
    Feature record: CXX_FEATURE:1cxx_attributes
    Feature record: CXX_FEATURE:0cxx_attribute_deprecated
    Feature record: CXX_FEATURE:1cxx_auto_type
    Feature record: CXX_FEATURE:0cxx_binary_literals
    Feature record: CXX_FEATURE:1cxx_constexpr
    Feature record: CXX_FEATURE:0cxx_contextual_conversions
    Feature record: CXX_FEATURE:1cxx_decltype
    Feature record: CXX_FEATURE:0cxx_decltype_auto
    Feature record: CXX_FEATURE:1cxx_decltype_incomplete_return_types
    Feature record: CXX_FEATURE:1cxx_default_function_template_args
    Feature record: CXX_FEATURE:1cxx_defaulted_functions
    Feature record: CXX_FEATURE:1cxx_defaulted_move_initializers
    Feature record: CXX_FEATURE:1cxx_delegating_constructors
    Feature record: CXX_FEATURE:1cxx_deleted_functions
    Feature record: CXX_FEATURE:0cxx_digit_separators
    Feature record: CXX_FEATURE:1cxx_enum_forward_declarations
    Feature record: CXX_FEATURE:1cxx_explicit_conversions
    Feature record: CXX_FEATURE:1cxx_extended_friend_declarations
    Feature record: CXX_FEATURE:1cxx_extern_templates
    Feature record: CXX_FEATURE:1cxx_final
    Feature record: CXX_FEATURE:1cxx_func_identifier
    Feature record: CXX_FEATURE:1cxx_generalized_initializers
    Feature record: CXX_FEATURE:0cxx_generic_lambdas
    Feature record: CXX_FEATURE:1cxx_inheriting_constructors
    Feature record: CXX_FEATURE:1cxx_inline_namespaces
    Feature record: CXX_FEATURE:1cxx_lambdas
    Feature record: CXX_FEATURE:0cxx_lambda_init_captures
    Feature record: CXX_FEATURE:1cxx_local_type_template_args
    Feature record: CXX_FEATURE:1cxx_long_long_type
    Feature record: CXX_FEATURE:1cxx_noexcept
    Feature record: CXX_FEATURE:1cxx_nonstatic_member_init
    Feature record: CXX_FEATURE:1cxx_nullptr
    Feature record: CXX_FEATURE:1cxx_override
    Feature record: CXX_FEATURE:1cxx_range_for
    Feature record: CXX_FEATURE:1cxx_raw_string_literals
    Feature record: CXX_FEATURE:1cxx_reference_qualified_functions
    Feature record: CXX_FEATURE:0cxx_relaxed_constexpr
    Feature record: CXX_FEATURE:0cxx_return_type_deduction
    Feature record: CXX_FEATURE:1cxx_right_angle_brackets
    Feature record: CXX_FEATURE:1cxx_rvalue_references
    Feature record: CXX_FEATURE:1cxx_sizeof_member
    Feature record: CXX_FEATURE:1cxx_static_assert
    Feature record: CXX_FEATURE:1cxx_strong_enums
    Feature record: CXX_FEATURE:1cxx_template_template_parameters
    Feature record: CXX_FEATURE:0cxx_thread_local
    Feature record: CXX_FEATURE:1cxx_trailing_return_types
    Feature record: CXX_FEATURE:1cxx_unicode_literals
    Feature record: CXX_FEATURE:1cxx_uniform_initialization
    Feature record: CXX_FEATURE:1cxx_unrestricted_unions
    Feature record: CXX_FEATURE:1cxx_user_literals
    Feature record: CXX_FEATURE:0cxx_variable_templates
    Feature record: CXX_FEATURE:1cxx_variadic_macros
    Feature record: CXX_FEATURE:1cxx_variadic_templates


Detecting CXX [-std=c++98] compiler features compiled with the following output:
Change Dir: /Users/johnmuschelli/Dropbox/Packages/drammsr/src/dramms-1.4.3-source/build/bundle/src/BASIS-build/CMakeFiles/CMakeTmp

Run Build Command:"/opt/local/bin/gmake" "cmTC_f4836/fast"
gmake[4]: Entering directory '/Users/johnmuschelli/Dropbox/Packages/drammsr/src/dramms-1.4.3-source/build/bundle/src/BASIS-build/CMakeFiles/CMakeTmp'
make -f CMakeFiles/cmTC_f4836.dir/build.make CMakeFiles/cmTC_f4836.dir/build
make[5]: Entering directory `/Users/johnmuschelli/Dropbox/Packages/drammsr/src/dramms-1.4.3-source/build/bundle/src/BASIS-build/CMakeFiles/CMakeTmp'
Building CXX object CMakeFiles/cmTC_f4836.dir/feature_tests.cxx.o
/Applications/Xcode.app/Contents/Developer/Toolchains/XcodeDefault.xctoolchain/usr/bin/c++     -Wall -mtune=core2 -g -O2      -std=c++98 -o CMakeFiles/cmTC_f4836.dir/feature_tests.cxx.o -c /Users/johnmuschelli/Dropbox/Packages/drammsr/src/dramms-1.4.3-source/build/bundle/src/BASIS-build/CMakeFiles/feature_tests.cxx
Linking CXX executable cmTC_f4836
/opt/local/bin/cmake -E cmake_link_script CMakeFiles/cmTC_f4836.dir/link.txt --verbose=1
/Applications/Xcode.app/Contents/Developer/Toolchains/XcodeDefault.xctoolchain/usr/bin/c++   -Wall -mtune=core2 -g -O2    -Wl,-search_paths_first -Wl,-headerpad_max_install_names   CMakeFiles/cmTC_f4836.dir/feature_tests.cxx.o  -o cmTC_f4836  
make[5]: Leaving directory `/Users/johnmuschelli/Dropbox/Packages/drammsr/src/dramms-1.4.3-source/build/bundle/src/BASIS-build/CMakeFiles/CMakeTmp'
gmake[4]: Leaving directory '/Users/johnmuschelli/Dropbox/Packages/drammsr/src/dramms-1.4.3-source/build/bundle/src/BASIS-build/CMakeFiles/CMakeTmp'


    Feature record: CXX_FEATURE:0cxx_aggregate_default_initializers
    Feature record: CXX_FEATURE:0cxx_alias_templates
    Feature record: CXX_FEATURE:0cxx_alignas
    Feature record: CXX_FEATURE:0cxx_alignof
    Feature record: CXX_FEATURE:0cxx_attributes
    Feature record: CXX_FEATURE:0cxx_attribute_deprecated
    Feature record: CXX_FEATURE:0cxx_auto_type
    Feature record: CXX_FEATURE:0cxx_binary_literals
    Feature record: CXX_FEATURE:0cxx_constexpr
    Feature record: CXX_FEATURE:0cxx_contextual_conversions
    Feature record: CXX_FEATURE:0cxx_decltype
    Feature record: CXX_FEATURE:0cxx_decltype_auto
    Feature record: CXX_FEATURE:0cxx_decltype_incomplete_return_types
    Feature record: CXX_FEATURE:0cxx_default_function_template_args
    Feature record: CXX_FEATURE:0cxx_defaulted_functions
    Feature record: CXX_FEATURE:0cxx_defaulted_move_initializers
    Feature record: CXX_FEATURE:0cxx_delegating_constructors
    Feature record: CXX_FEATURE:0cxx_deleted_functions
    Feature record: CXX_FEATURE:0cxx_digit_separators
    Feature record: CXX_FEATURE:0cxx_enum_forward_declarations
    Feature record: CXX_FEATURE:0cxx_explicit_conversions
    Feature record: CXX_FEATURE:0cxx_extended_friend_declarations
    Feature record: CXX_FEATURE:0cxx_extern_templates
    Feature record: CXX_FEATURE:0cxx_final
    Feature record: CXX_FEATURE:0cxx_func_identifier
    Feature record: CXX_FEATURE:0cxx_generalized_initializers
    Feature record: CXX_FEATURE:0cxx_generic_lambdas
    Feature record: CXX_FEATURE:0cxx_inheriting_constructors
    Feature record: CXX_FEATURE:0cxx_inline_namespaces
    Feature record: CXX_FEATURE:0cxx_lambdas
    Feature record: CXX_FEATURE:0cxx_lambda_init_captures
    Feature record: CXX_FEATURE:0cxx_local_type_template_args
    Feature record: CXX_FEATURE:0cxx_long_long_type
    Feature record: CXX_FEATURE:0cxx_noexcept
    Feature record: CXX_FEATURE:0cxx_nonstatic_member_init
    Feature record: CXX_FEATURE:0cxx_nullptr
    Feature record: CXX_FEATURE:0cxx_override
    Feature record: CXX_FEATURE:0cxx_range_for
    Feature record: CXX_FEATURE:0cxx_raw_string_literals
    Feature record: CXX_FEATURE:0cxx_reference_qualified_functions
    Feature record: CXX_FEATURE:0cxx_relaxed_constexpr
    Feature record: CXX_FEATURE:0cxx_return_type_deduction
    Feature record: CXX_FEATURE:0cxx_right_angle_brackets
    Feature record: CXX_FEATURE:0cxx_rvalue_references
    Feature record: CXX_FEATURE:0cxx_sizeof_member
    Feature record: CXX_FEATURE:0cxx_static_assert
    Feature record: CXX_FEATURE:0cxx_strong_enums
    Feature record: CXX_FEATURE:1cxx_template_template_parameters
    Feature record: CXX_FEATURE:0cxx_thread_local
    Feature record: CXX_FEATURE:0cxx_trailing_return_types
    Feature record: CXX_FEATURE:0cxx_unicode_literals
    Feature record: CXX_FEATURE:0cxx_uniform_initialization
    Feature record: CXX_FEATURE:0cxx_unrestricted_unions
    Feature record: CXX_FEATURE:0cxx_user_literals
    Feature record: CXX_FEATURE:0cxx_variable_templates
    Feature record: CXX_FEATURE:0cxx_variadic_macros
    Feature record: CXX_FEATURE:0cxx_variadic_templates
Determining if the include file sys/types.h exists passed with the following output:
Change Dir: /Users/johnmuschelli/Dropbox/Packages/drammsr/src/dramms-1.4.3-source/build/bundle/src/BASIS-build/CMakeFiles/CMakeTmp

Run Build Command:"/opt/local/bin/gmake" "cmTC_05d51/fast"
gmake[4]: Entering directory '/Users/johnmuschelli/Dropbox/Packages/drammsr/src/dramms-1.4.3-source/build/bundle/src/BASIS-build/CMakeFiles/CMakeTmp'
make -f CMakeFiles/cmTC_05d51.dir/build.make CMakeFiles/cmTC_05d51.dir/build
make[5]: Entering directory `/Users/johnmuschelli/Dropbox/Packages/drammsr/src/dramms-1.4.3-source/build/bundle/src/BASIS-build/CMakeFiles/CMakeTmp'
Building C object CMakeFiles/cmTC_05d51.dir/CheckIncludeFile.c.o
/Applications/Xcode.app/Contents/Developer/Toolchains/XcodeDefault.xctoolchain/usr/bin/cc    -Wall -mtune=core2 -g -O2      -o CMakeFiles/cmTC_05d51.dir/CheckIncludeFile.c.o   -c /Users/johnmuschelli/Dropbox/Packages/drammsr/src/dramms-1.4.3-source/build/bundle/src/BASIS-build/CMakeFiles/CMakeTmp/CheckIncludeFile.c
Linking C executable cmTC_05d51
/opt/local/bin/cmake -E cmake_link_script CMakeFiles/cmTC_05d51.dir/link.txt --verbose=1
/Applications/Xcode.app/Contents/Developer/Toolchains/XcodeDefault.xctoolchain/usr/bin/cc  -Wall -mtune=core2 -g -O2    -Wl,-search_paths_first -Wl,-headerpad_max_install_names   CMakeFiles/cmTC_05d51.dir/CheckIncludeFile.c.o  -o cmTC_05d51  
make[5]: Leaving directory `/Users/johnmuschelli/Dropbox/Packages/drammsr/src/dramms-1.4.3-source/build/bundle/src/BASIS-build/CMakeFiles/CMakeTmp'
gmake[4]: Leaving directory '/Users/johnmuschelli/Dropbox/Packages/drammsr/src/dramms-1.4.3-source/build/bundle/src/BASIS-build/CMakeFiles/CMakeTmp'


Determining if the include file stdint.h exists passed with the following output:
Change Dir: /Users/johnmuschelli/Dropbox/Packages/drammsr/src/dramms-1.4.3-source/build/bundle/src/BASIS-build/CMakeFiles/CMakeTmp

Run Build Command:"/opt/local/bin/gmake" "cmTC_de7fd/fast"
gmake[4]: Entering directory '/Users/johnmuschelli/Dropbox/Packages/drammsr/src/dramms-1.4.3-source/build/bundle/src/BASIS-build/CMakeFiles/CMakeTmp'
make -f CMakeFiles/cmTC_de7fd.dir/build.make CMakeFiles/cmTC_de7fd.dir/build
make[5]: Entering directory `/Users/johnmuschelli/Dropbox/Packages/drammsr/src/dramms-1.4.3-source/build/bundle/src/BASIS-build/CMakeFiles/CMakeTmp'
Building C object CMakeFiles/cmTC_de7fd.dir/CheckIncludeFile.c.o
/Applications/Xcode.app/Contents/Developer/Toolchains/XcodeDefault.xctoolchain/usr/bin/cc    -Wall -mtune=core2 -g -O2      -o CMakeFiles/cmTC_de7fd.dir/CheckIncludeFile.c.o   -c /Users/johnmuschelli/Dropbox/Packages/drammsr/src/dramms-1.4.3-source/build/bundle/src/BASIS-build/CMakeFiles/CMakeTmp/CheckIncludeFile.c
Linking C executable cmTC_de7fd
/opt/local/bin/cmake -E cmake_link_script CMakeFiles/cmTC_de7fd.dir/link.txt --verbose=1
/Applications/Xcode.app/Contents/Developer/Toolchains/XcodeDefault.xctoolchain/usr/bin/cc  -Wall -mtune=core2 -g -O2    -Wl,-search_paths_first -Wl,-headerpad_max_install_names   CMakeFiles/cmTC_de7fd.dir/CheckIncludeFile.c.o  -o cmTC_de7fd  
make[5]: Leaving directory `/Users/johnmuschelli/Dropbox/Packages/drammsr/src/dramms-1.4.3-source/build/bundle/src/BASIS-build/CMakeFiles/CMakeTmp'
gmake[4]: Leaving directory '/Users/johnmuschelli/Dropbox/Packages/drammsr/src/dramms-1.4.3-source/build/bundle/src/BASIS-build/CMakeFiles/CMakeTmp'


Determining if the include file stddef.h exists passed with the following output:
Change Dir: /Users/johnmuschelli/Dropbox/Packages/drammsr/src/dramms-1.4.3-source/build/bundle/src/BASIS-build/CMakeFiles/CMakeTmp

Run Build Command:"/opt/local/bin/gmake" "cmTC_a43a7/fast"
gmake[4]: Entering directory '/Users/johnmuschelli/Dropbox/Packages/drammsr/src/dramms-1.4.3-source/build/bundle/src/BASIS-build/CMakeFiles/CMakeTmp'
make -f CMakeFiles/cmTC_a43a7.dir/build.make CMakeFiles/cmTC_a43a7.dir/build
make[5]: Entering directory `/Users/johnmuschelli/Dropbox/Packages/drammsr/src/dramms-1.4.3-source/build/bundle/src/BASIS-build/CMakeFiles/CMakeTmp'
Building C object CMakeFiles/cmTC_a43a7.dir/CheckIncludeFile.c.o
/Applications/Xcode.app/Contents/Developer/Toolchains/XcodeDefault.xctoolchain/usr/bin/cc    -Wall -mtune=core2 -g -O2      -o CMakeFiles/cmTC_a43a7.dir/CheckIncludeFile.c.o   -c /Users/johnmuschelli/Dropbox/Packages/drammsr/src/dramms-1.4.3-source/build/bundle/src/BASIS-build/CMakeFiles/CMakeTmp/CheckIncludeFile.c
Linking C executable cmTC_a43a7
/opt/local/bin/cmake -E cmake_link_script CMakeFiles/cmTC_a43a7.dir/link.txt --verbose=1
/Applications/Xcode.app/Contents/Developer/Toolchains/XcodeDefault.xctoolchain/usr/bin/cc  -Wall -mtune=core2 -g -O2    -Wl,-search_paths_first -Wl,-headerpad_max_install_names   CMakeFiles/cmTC_a43a7.dir/CheckIncludeFile.c.o  -o cmTC_a43a7  
make[5]: Leaving directory `/Users/johnmuschelli/Dropbox/Packages/drammsr/src/dramms-1.4.3-source/build/bundle/src/BASIS-build/CMakeFiles/CMakeTmp'
gmake[4]: Leaving directory '/Users/johnmuschelli/Dropbox/Packages/drammsr/src/dramms-1.4.3-source/build/bundle/src/BASIS-build/CMakeFiles/CMakeTmp'


Determining size of long long passed with the following output:
Change Dir: /Users/johnmuschelli/Dropbox/Packages/drammsr/src/dramms-1.4.3-source/build/bundle/src/BASIS-build/CMakeFiles/CMakeTmp

Run Build Command:"/opt/local/bin/gmake" "cmTC_909be/fast"
gmake[4]: Entering directory '/Users/johnmuschelli/Dropbox/Packages/drammsr/src/dramms-1.4.3-source/build/bundle/src/BASIS-build/CMakeFiles/CMakeTmp'
make -f CMakeFiles/cmTC_909be.dir/build.make CMakeFiles/cmTC_909be.dir/build
make[5]: Entering directory `/Users/johnmuschelli/Dropbox/Packages/drammsr/src/dramms-1.4.3-source/build/bundle/src/BASIS-build/CMakeFiles/CMakeTmp'
Building C object CMakeFiles/cmTC_909be.dir/LONG_LONG.c.o
/Applications/Xcode.app/Contents/Developer/Toolchains/XcodeDefault.xctoolchain/usr/bin/cc    -Wall -mtune=core2 -g -O2      -o CMakeFiles/cmTC_909be.dir/LONG_LONG.c.o   -c /Users/johnmuschelli/Dropbox/Packages/drammsr/src/dramms-1.4.3-source/build/bundle/src/BASIS-build/CMakeFiles/CheckTypeSize/LONG_LONG.c
Linking C executable cmTC_909be
/opt/local/bin/cmake -E cmake_link_script CMakeFiles/cmTC_909be.dir/link.txt --verbose=1
/Applications/Xcode.app/Contents/Developer/Toolchains/XcodeDefault.xctoolchain/usr/bin/cc  -Wall -mtune=core2 -g -O2    -Wl,-search_paths_first -Wl,-headerpad_max_install_names   CMakeFiles/cmTC_909be.dir/LONG_LONG.c.o  -o cmTC_909be  
make[5]: Leaving directory `/Users/johnmuschelli/Dropbox/Packages/drammsr/src/dramms-1.4.3-source/build/bundle/src/BASIS-build/CMakeFiles/CMakeTmp'
gmake[4]: Leaving directory '/Users/johnmuschelli/Dropbox/Packages/drammsr/src/dramms-1.4.3-source/build/bundle/src/BASIS-build/CMakeFiles/CMakeTmp'


Determining if the CXX compiler has sstream passed with the following output:
Change Dir: /Users/johnmuschelli/Dropbox/Packages/drammsr/src/dramms-1.4.3-source/build/bundle/src/BASIS-build/CMakeFiles/CMakeTmp

Run Build Command:"/opt/local/bin/gmake" "cmTC_fc325/fast"
gmake[4]: Entering directory '/Users/johnmuschelli/Dropbox/Packages/drammsr/src/dramms-1.4.3-source/build/bundle/src/BASIS-build/CMakeFiles/CMakeTmp'
make -f CMakeFiles/cmTC_fc325.dir/build.make CMakeFiles/cmTC_fc325.dir/build
make[5]: Entering directory `/Users/johnmuschelli/Dropbox/Packages/drammsr/src/dramms-1.4.3-source/build/bundle/src/BASIS-build/CMakeFiles/CMakeTmp'
Building CXX object CMakeFiles/cmTC_fc325.dir/TestForSSTREAM.cxx.o
/Applications/Xcode.app/Contents/Developer/Toolchains/XcodeDefault.xctoolchain/usr/bin/c++     -Wall -mtune=core2 -g -O2      -o CMakeFiles/cmTC_fc325.dir/TestForSSTREAM.cxx.o -c /opt/local/share/cmake-3.5/Modules/TestForSSTREAM.cxx
Linking CXX executable cmTC_fc325
/opt/local/bin/cmake -E cmake_link_script CMakeFiles/cmTC_fc325.dir/link.txt --verbose=1
/Applications/Xcode.app/Contents/Developer/Toolchains/XcodeDefault.xctoolchain/usr/bin/c++   -Wall -mtune=core2 -g -O2    -Wl,-search_paths_first -Wl,-headerpad_max_install_names   CMakeFiles/cmTC_fc325.dir/TestForSSTREAM.cxx.o  -o cmTC_fc325  
make[5]: Leaving directory `/Users/johnmuschelli/Dropbox/Packages/drammsr/src/dramms-1.4.3-source/build/bundle/src/BASIS-build/CMakeFiles/CMakeTmp'
gmake[4]: Leaving directory '/Users/johnmuschelli/Dropbox/Packages/drammsr/src/dramms-1.4.3-source/build/bundle/src/BASIS-build/CMakeFiles/CMakeTmp'


Determining if the include file pthread.h exists passed with the following output:
Change Dir: /Users/johnmuschelli/Dropbox/Packages/drammsr/src/dramms-1.4.3-source/build/bundle/src/BASIS-build/CMakeFiles/CMakeTmp

Run Build Command:"/opt/local/bin/gmake" "cmTC_ce60c/fast"
gmake[4]: Entering directory '/Users/johnmuschelli/Dropbox/Packages/drammsr/src/dramms-1.4.3-source/build/bundle/src/BASIS-build/CMakeFiles/CMakeTmp'
make -f CMakeFiles/cmTC_ce60c.dir/build.make CMakeFiles/cmTC_ce60c.dir/build
make[5]: Entering directory `/Users/johnmuschelli/Dropbox/Packages/drammsr/src/dramms-1.4.3-source/build/bundle/src/BASIS-build/CMakeFiles/CMakeTmp'
Building C object CMakeFiles/cmTC_ce60c.dir/CheckIncludeFile.c.o
/Applications/Xcode.app/Contents/Developer/Toolchains/XcodeDefault.xctoolchain/usr/bin/cc    -Wall -mtune=core2 -g -O2      -o CMakeFiles/cmTC_ce60c.dir/CheckIncludeFile.c.o   -c /Users/johnmuschelli/Dropbox/Packages/drammsr/src/dramms-1.4.3-source/build/bundle/src/BASIS-build/CMakeFiles/CMakeTmp/CheckIncludeFile.c
Linking C executable cmTC_ce60c
/opt/local/bin/cmake -E cmake_link_script CMakeFiles/cmTC_ce60c.dir/link.txt --verbose=1
/Applications/Xcode.app/Contents/Developer/Toolchains/XcodeDefault.xctoolchain/usr/bin/cc  -Wall -mtune=core2 -g -O2    -Wl,-search_paths_first -Wl,-headerpad_max_install_names   CMakeFiles/cmTC_ce60c.dir/CheckIncludeFile.c.o  -o cmTC_ce60c  
make[5]: Leaving directory `/Users/johnmuschelli/Dropbox/Packages/drammsr/src/dramms-1.4.3-source/build/bundle/src/BASIS-build/CMakeFiles/CMakeTmp'
gmake[4]: Leaving directory '/Users/johnmuschelli/Dropbox/Packages/drammsr/src/dramms-1.4.3-source/build/bundle/src/BASIS-build/CMakeFiles/CMakeTmp'


Determining if the pthread_create exist passed with the following output:
Change Dir: /Users/johnmuschelli/Dropbox/Packages/drammsr/src/dramms-1.4.3-source/build/bundle/src/BASIS-build/CMakeFiles/CMakeTmp

Run Build Command:"/opt/local/bin/gmake" "cmTC_2879d/fast"
gmake[4]: Entering directory '/Users/johnmuschelli/Dropbox/Packages/drammsr/src/dramms-1.4.3-source/build/bundle/src/BASIS-build/CMakeFiles/CMakeTmp'
make -f CMakeFiles/cmTC_2879d.dir/build.make CMakeFiles/cmTC_2879d.dir/build
make[5]: Entering directory `/Users/johnmuschelli/Dropbox/Packages/drammsr/src/dramms-1.4.3-source/build/bundle/src/BASIS-build/CMakeFiles/CMakeTmp'
Building C object CMakeFiles/cmTC_2879d.dir/CheckSymbolExists.c.o
/Applications/Xcode.app/Contents/Developer/Toolchains/XcodeDefault.xctoolchain/usr/bin/cc    -Wall -mtune=core2 -g -O2      -o CMakeFiles/cmTC_2879d.dir/CheckSymbolExists.c.o   -c /Users/johnmuschelli/Dropbox/Packages/drammsr/src/dramms-1.4.3-source/build/bundle/src/BASIS-build/CMakeFiles/CMakeTmp/CheckSymbolExists.c
Linking C executable cmTC_2879d
/opt/local/bin/cmake -E cmake_link_script CMakeFiles/cmTC_2879d.dir/link.txt --verbose=1
/Applications/Xcode.app/Contents/Developer/Toolchains/XcodeDefault.xctoolchain/usr/bin/cc  -Wall -mtune=core2 -g -O2    -Wl,-search_paths_first -Wl,-headerpad_max_install_names   CMakeFiles/cmTC_2879d.dir/CheckSymbolExists.c.o  -o cmTC_2879d  
make[5]: Leaving directory `/Users/johnmuschelli/Dropbox/Packages/drammsr/src/dramms-1.4.3-source/build/bundle/src/BASIS-build/CMakeFiles/CMakeTmp'
gmake[4]: Leaving directory '/Users/johnmuschelli/Dropbox/Packages/drammsr/src/dramms-1.4.3-source/build/bundle/src/BASIS-build/CMakeFiles/CMakeTmp'

File /Users/johnmuschelli/Dropbox/Packages/drammsr/src/dramms-1.4.3-source/build/bundle/src/BASIS-build/CMakeFiles/CMakeTmp/CheckSymbolExists.c:
/* */
#include <pthread.h>

int main(int argc, char** argv)
{
  (void)argv;
#ifndef pthread_create
  return ((int*)(&pthread_create))[argc];
#else
  (void)argc;
  return 0;
#endif
}

