The system is: Darwin - 14.1.0 - x86_64
Compiling the C compiler identification source file "CMakeCCompilerId.c" succeeded.
Compiler: /usr/bin/cc 
Build flags: -Wall;-mtune=core2;-g;-O2;
Id flags: 

The output was:
0


Compilation of the C compiler identification source "CMakeCCompilerId.c" produced "a.out"

The C compiler identification is AppleClang, found in "/Users/johnmuschelli/Dropbox/Packages/drammsr/src/dramms-1.4.1-source/build/bundle/src/BASIS-build/CMakeFiles/3.0.2/CompilerIdC/a.out"

Compiling the CXX compiler identification source file "CMakeCXXCompilerId.cpp" succeeded.
Compiler: /usr/bin/c++ 
Build flags: -Wall;-mtune=core2;-g;-O2;
Id flags: 

The output was:
0


Compilation of the CXX compiler identification source "CMakeCXXCompilerId.cpp" produced "a.out"

The CXX compiler identification is AppleClang, found in "/Users/johnmuschelli/Dropbox/Packages/drammsr/src/dramms-1.4.1-source/build/bundle/src/BASIS-build/CMakeFiles/3.0.2/CompilerIdCXX/a.out"

Determining if the C compiler works passed with the following output:
Change Dir: /Users/johnmuschelli/Dropbox/Packages/drammsr/src/dramms-1.4.1-source/build/bundle/src/BASIS-build/CMakeFiles/CMakeTmp

Run Build Command:"/usr/bin/make" "cmTryCompileExec4077272260/fast"
make -f CMakeFiles/cmTryCompileExec4077272260.dir/build.make CMakeFiles/cmTryCompileExec4077272260.dir/build
/opt/local/bin/cmake -E cmake_progress_report /Users/johnmuschelli/Dropbox/Packages/drammsr/src/dramms-1.4.1-source/build/bundle/src/BASIS-build/CMakeFiles/CMakeTmp/CMakeFiles 1
Building C object CMakeFiles/cmTryCompileExec4077272260.dir/testCCompiler.c.o
/usr/bin/cc   -Wall -mtune=core2 -g -O2      -o CMakeFiles/cmTryCompileExec4077272260.dir/testCCompiler.c.o   -c /Users/johnmuschelli/Dropbox/Packages/drammsr/src/dramms-1.4.1-source/build/bundle/src/BASIS-build/CMakeFiles/CMakeTmp/testCCompiler.c
Linking C executable cmTryCompileExec4077272260
/opt/local/bin/cmake -E cmake_link_script CMakeFiles/cmTryCompileExec4077272260.dir/link.txt --verbose=1
/usr/bin/cc  -Wall -mtune=core2 -g -O2    -Wl,-search_paths_first -Wl,-headerpad_max_install_names   CMakeFiles/cmTryCompileExec4077272260.dir/testCCompiler.c.o  -o cmTryCompileExec4077272260  


Detecting C compiler ABI info compiled with the following output:
Change Dir: /Users/johnmuschelli/Dropbox/Packages/drammsr/src/dramms-1.4.1-source/build/bundle/src/BASIS-build/CMakeFiles/CMakeTmp

Run Build Command:"/usr/bin/make" "cmTryCompileExec4178853404/fast"
make -f CMakeFiles/cmTryCompileExec4178853404.dir/build.make CMakeFiles/cmTryCompileExec4178853404.dir/build
/opt/local/bin/cmake -E cmake_progress_report /Users/johnmuschelli/Dropbox/Packages/drammsr/src/dramms-1.4.1-source/build/bundle/src/BASIS-build/CMakeFiles/CMakeTmp/CMakeFiles 1
Building C object CMakeFiles/cmTryCompileExec4178853404.dir/CMakeCCompilerABI.c.o
/usr/bin/cc   -Wall -mtune=core2 -g -O2      -o CMakeFiles/cmTryCompileExec4178853404.dir/CMakeCCompilerABI.c.o   -c /opt/local/share/cmake-3.0/Modules/CMakeCCompilerABI.c
Linking C executable cmTryCompileExec4178853404
/opt/local/bin/cmake -E cmake_link_script CMakeFiles/cmTryCompileExec4178853404.dir/link.txt --verbose=1
/usr/bin/cc  -Wall -mtune=core2 -g -O2    -Wl,-search_paths_first -Wl,-headerpad_max_install_names -v -Wl,-v CMakeFiles/cmTryCompileExec4178853404.dir/CMakeCCompilerABI.c.o  -o cmTryCompileExec4178853404   
Apple LLVM version 6.0 (clang-600.0.56) (based on LLVM 3.5svn)
Target: x86_64-apple-darwin14.1.0
Thread model: posix
 "/Applications/Xcode.app/Contents/Developer/Toolchains/XcodeDefault.xctoolchain/usr/bin/ld" -demangle -dynamic -arch x86_64 -macosx_version_min 10.10.0 -o cmTryCompileExec4178853404 -search_paths_first -headerpad_max_install_names -v CMakeFiles/cmTryCompileExec4178853404.dir/CMakeCCompilerABI.c.o -lSystem /Applications/Xcode.app/Contents/Developer/Toolchains/XcodeDefault.xctoolchain/usr/bin/../lib/clang/6.0/lib/darwin/libclang_rt.osx.a
@(#)PROGRAM:ld  PROJECT:ld64-241.9
configured to support archs: armv6 armv7 armv7s arm64 i386 x86_64 x86_64h armv6m armv7m armv7em
Library search paths:
	/usr/lib
	/usr/local/lib
Framework search paths:
	/Library/Frameworks/
	/System/Library/Frameworks/


Parsed C implicit link information from above output:
  link line regex: [^( *|.*[/\])(ld|([^/\]+-)?ld|collect2)[^/\]*( |$)]
  ignore line: [Change Dir: /Users/johnmuschelli/Dropbox/Packages/drammsr/src/dramms-1.4.1-source/build/bundle/src/BASIS-build/CMakeFiles/CMakeTmp]
  ignore line: []
  ignore line: [Run Build Command:"/usr/bin/make" "cmTryCompileExec4178853404/fast"]
  ignore line: [make -f CMakeFiles/cmTryCompileExec4178853404.dir/build.make CMakeFiles/cmTryCompileExec4178853404.dir/build]
  ignore line: [/opt/local/bin/cmake -E cmake_progress_report /Users/johnmuschelli/Dropbox/Packages/drammsr/src/dramms-1.4.1-source/build/bundle/src/BASIS-build/CMakeFiles/CMakeTmp/CMakeFiles 1]
  ignore line: [Building C object CMakeFiles/cmTryCompileExec4178853404.dir/CMakeCCompilerABI.c.o]
  ignore line: [/usr/bin/cc   -Wall -mtune=core2 -g -O2      -o CMakeFiles/cmTryCompileExec4178853404.dir/CMakeCCompilerABI.c.o   -c /opt/local/share/cmake-3.0/Modules/CMakeCCompilerABI.c]
  ignore line: [Linking C executable cmTryCompileExec4178853404]
  ignore line: [/opt/local/bin/cmake -E cmake_link_script CMakeFiles/cmTryCompileExec4178853404.dir/link.txt --verbose=1]
  ignore line: [/usr/bin/cc  -Wall -mtune=core2 -g -O2    -Wl,-search_paths_first -Wl,-headerpad_max_install_names -v -Wl,-v CMakeFiles/cmTryCompileExec4178853404.dir/CMakeCCompilerABI.c.o  -o cmTryCompileExec4178853404   ]
  ignore line: [Apple LLVM version 6.0 (clang-600.0.56) (based on LLVM 3.5svn)]
  ignore line: [Target: x86_64-apple-darwin14.1.0]
  ignore line: [Thread model: posix]
  link line: [ "/Applications/Xcode.app/Contents/Developer/Toolchains/XcodeDefault.xctoolchain/usr/bin/ld" -demangle -dynamic -arch x86_64 -macosx_version_min 10.10.0 -o cmTryCompileExec4178853404 -search_paths_first -headerpad_max_install_names -v CMakeFiles/cmTryCompileExec4178853404.dir/CMakeCCompilerABI.c.o -lSystem /Applications/Xcode.app/Contents/Developer/Toolchains/XcodeDefault.xctoolchain/usr/bin/../lib/clang/6.0/lib/darwin/libclang_rt.osx.a]
    arg [/Applications/Xcode.app/Contents/Developer/Toolchains/XcodeDefault.xctoolchain/usr/bin/ld] ==> ignore
    arg [-demangle] ==> ignore
    arg [-dynamic] ==> ignore
    arg [-arch] ==> ignore
    arg [x86_64] ==> ignore
    arg [-macosx_version_min] ==> ignore
    arg [10.10.0] ==> ignore
    arg [-o] ==> ignore
    arg [cmTryCompileExec4178853404] ==> ignore
    arg [-search_paths_first] ==> ignore
    arg [-headerpad_max_install_names] ==> ignore
    arg [-v] ==> ignore
    arg [CMakeFiles/cmTryCompileExec4178853404.dir/CMakeCCompilerABI.c.o] ==> ignore
    arg [-lSystem] ==> lib [System]
    arg [/Applications/Xcode.app/Contents/Developer/Toolchains/XcodeDefault.xctoolchain/usr/bin/../lib/clang/6.0/lib/darwin/libclang_rt.osx.a] ==> lib [/Applications/Xcode.app/Contents/Developer/Toolchains/XcodeDefault.xctoolchain/usr/bin/../lib/clang/6.0/lib/darwin/libclang_rt.osx.a]
  Library search paths: [;/usr/lib;/usr/local/lib]
  Framework search paths: [;/Library/Frameworks/;/System/Library/Frameworks/]
  remove lib [System]
  collapse lib [/Applications/Xcode.app/Contents/Developer/Toolchains/XcodeDefault.xctoolchain/usr/bin/../lib/clang/6.0/lib/darwin/libclang_rt.osx.a] ==> [/Applications/Xcode.app/Contents/Developer/Toolchains/XcodeDefault.xctoolchain/usr/lib/clang/6.0/lib/darwin/libclang_rt.osx.a]
  collapse library dir [/usr/lib] ==> [/usr/lib]
  collapse library dir [/usr/local/lib] ==> [/usr/local/lib]
  collapse framework dir [/Library/Frameworks/] ==> [/Library/Frameworks]
  collapse framework dir [/System/Library/Frameworks/] ==> [/System/Library/Frameworks]
  implicit libs: [/Applications/Xcode.app/Contents/Developer/Toolchains/XcodeDefault.xctoolchain/usr/lib/clang/6.0/lib/darwin/libclang_rt.osx.a]
  implicit dirs: [/usr/lib;/usr/local/lib]
  implicit fwks: [/Library/Frameworks;/System/Library/Frameworks]


Determining if the CXX compiler works passed with the following output:
Change Dir: /Users/johnmuschelli/Dropbox/Packages/drammsr/src/dramms-1.4.1-source/build/bundle/src/BASIS-build/CMakeFiles/CMakeTmp

Run Build Command:"/usr/bin/make" "cmTryCompileExec2804255893/fast"
make -f CMakeFiles/cmTryCompileExec2804255893.dir/build.make CMakeFiles/cmTryCompileExec2804255893.dir/build
/opt/local/bin/cmake -E cmake_progress_report /Users/johnmuschelli/Dropbox/Packages/drammsr/src/dramms-1.4.1-source/build/bundle/src/BASIS-build/CMakeFiles/CMakeTmp/CMakeFiles 1
Building CXX object CMakeFiles/cmTryCompileExec2804255893.dir/testCXXCompiler.cxx.o
/usr/bin/c++    -Wall -mtune=core2 -g -O2      -o CMakeFiles/cmTryCompileExec2804255893.dir/testCXXCompiler.cxx.o -c /Users/johnmuschelli/Dropbox/Packages/drammsr/src/dramms-1.4.1-source/build/bundle/src/BASIS-build/CMakeFiles/CMakeTmp/testCXXCompiler.cxx
Linking CXX executable cmTryCompileExec2804255893
/opt/local/bin/cmake -E cmake_link_script CMakeFiles/cmTryCompileExec2804255893.dir/link.txt --verbose=1
/usr/bin/c++   -Wall -mtune=core2 -g -O2    -Wl,-search_paths_first -Wl,-headerpad_max_install_names   CMakeFiles/cmTryCompileExec2804255893.dir/testCXXCompiler.cxx.o  -o cmTryCompileExec2804255893  


Detecting CXX compiler ABI info compiled with the following output:
Change Dir: /Users/johnmuschelli/Dropbox/Packages/drammsr/src/dramms-1.4.1-source/build/bundle/src/BASIS-build/CMakeFiles/CMakeTmp

Run Build Command:"/usr/bin/make" "cmTryCompileExec167148217/fast"
make -f CMakeFiles/cmTryCompileExec167148217.dir/build.make CMakeFiles/cmTryCompileExec167148217.dir/build
/opt/local/bin/cmake -E cmake_progress_report /Users/johnmuschelli/Dropbox/Packages/drammsr/src/dramms-1.4.1-source/build/bundle/src/BASIS-build/CMakeFiles/CMakeTmp/CMakeFiles 1
Building CXX object CMakeFiles/cmTryCompileExec167148217.dir/CMakeCXXCompilerABI.cpp.o
/usr/bin/c++    -Wall -mtune=core2 -g -O2      -o CMakeFiles/cmTryCompileExec167148217.dir/CMakeCXXCompilerABI.cpp.o -c /opt/local/share/cmake-3.0/Modules/CMakeCXXCompilerABI.cpp
Linking CXX executable cmTryCompileExec167148217
/opt/local/bin/cmake -E cmake_link_script CMakeFiles/cmTryCompileExec167148217.dir/link.txt --verbose=1
/usr/bin/c++   -Wall -mtune=core2 -g -O2    -Wl,-search_paths_first -Wl,-headerpad_max_install_names -v -Wl,-v CMakeFiles/cmTryCompileExec167148217.dir/CMakeCXXCompilerABI.cpp.o  -o cmTryCompileExec167148217   
Apple LLVM version 6.0 (clang-600.0.56) (based on LLVM 3.5svn)
Target: x86_64-apple-darwin14.1.0
Thread model: posix
 "/Applications/Xcode.app/Contents/Developer/Toolchains/XcodeDefault.xctoolchain/usr/bin/ld" -demangle -dynamic -arch x86_64 -macosx_version_min 10.10.0 -o cmTryCompileExec167148217 -search_paths_first -headerpad_max_install_names -v CMakeFiles/cmTryCompileExec167148217.dir/CMakeCXXCompilerABI.cpp.o -lc++ -lSystem /Applications/Xcode.app/Contents/Developer/Toolchains/XcodeDefault.xctoolchain/usr/bin/../lib/clang/6.0/lib/darwin/libclang_rt.osx.a
@(#)PROGRAM:ld  PROJECT:ld64-241.9
configured to support archs: armv6 armv7 armv7s arm64 i386 x86_64 x86_64h armv6m armv7m armv7em
Library search paths:
	/usr/lib
	/usr/local/lib
Framework search paths:
	/Library/Frameworks/
	/System/Library/Frameworks/


Parsed CXX implicit link information from above output:
  link line regex: [^( *|.*[/\])(ld|([^/\]+-)?ld|collect2)[^/\]*( |$)]
  ignore line: [Change Dir: /Users/johnmuschelli/Dropbox/Packages/drammsr/src/dramms-1.4.1-source/build/bundle/src/BASIS-build/CMakeFiles/CMakeTmp]
  ignore line: []
  ignore line: [Run Build Command:"/usr/bin/make" "cmTryCompileExec167148217/fast"]
  ignore line: [make -f CMakeFiles/cmTryCompileExec167148217.dir/build.make CMakeFiles/cmTryCompileExec167148217.dir/build]
  ignore line: [/opt/local/bin/cmake -E cmake_progress_report /Users/johnmuschelli/Dropbox/Packages/drammsr/src/dramms-1.4.1-source/build/bundle/src/BASIS-build/CMakeFiles/CMakeTmp/CMakeFiles 1]
  ignore line: [Building CXX object CMakeFiles/cmTryCompileExec167148217.dir/CMakeCXXCompilerABI.cpp.o]
  ignore line: [/usr/bin/c++    -Wall -mtune=core2 -g -O2      -o CMakeFiles/cmTryCompileExec167148217.dir/CMakeCXXCompilerABI.cpp.o -c /opt/local/share/cmake-3.0/Modules/CMakeCXXCompilerABI.cpp]
  ignore line: [Linking CXX executable cmTryCompileExec167148217]
  ignore line: [/opt/local/bin/cmake -E cmake_link_script CMakeFiles/cmTryCompileExec167148217.dir/link.txt --verbose=1]
  ignore line: [/usr/bin/c++   -Wall -mtune=core2 -g -O2    -Wl,-search_paths_first -Wl,-headerpad_max_install_names -v -Wl,-v CMakeFiles/cmTryCompileExec167148217.dir/CMakeCXXCompilerABI.cpp.o  -o cmTryCompileExec167148217   ]
  ignore line: [Apple LLVM version 6.0 (clang-600.0.56) (based on LLVM 3.5svn)]
  ignore line: [Target: x86_64-apple-darwin14.1.0]
  ignore line: [Thread model: posix]
  link line: [ "/Applications/Xcode.app/Contents/Developer/Toolchains/XcodeDefault.xctoolchain/usr/bin/ld" -demangle -dynamic -arch x86_64 -macosx_version_min 10.10.0 -o cmTryCompileExec167148217 -search_paths_first -headerpad_max_install_names -v CMakeFiles/cmTryCompileExec167148217.dir/CMakeCXXCompilerABI.cpp.o -lc++ -lSystem /Applications/Xcode.app/Contents/Developer/Toolchains/XcodeDefault.xctoolchain/usr/bin/../lib/clang/6.0/lib/darwin/libclang_rt.osx.a]
    arg [/Applications/Xcode.app/Contents/Developer/Toolchains/XcodeDefault.xctoolchain/usr/bin/ld] ==> ignore
    arg [-demangle] ==> ignore
    arg [-dynamic] ==> ignore
    arg [-arch] ==> ignore
    arg [x86_64] ==> ignore
    arg [-macosx_version_min] ==> ignore
    arg [10.10.0] ==> ignore
    arg [-o] ==> ignore
    arg [cmTryCompileExec167148217] ==> ignore
    arg [-search_paths_first] ==> ignore
    arg [-headerpad_max_install_names] ==> ignore
    arg [-v] ==> ignore
    arg [CMakeFiles/cmTryCompileExec167148217.dir/CMakeCXXCompilerABI.cpp.o] ==> ignore
    arg [-lc++] ==> lib [c++]
    arg [-lSystem] ==> lib [System]
    arg [/Applications/Xcode.app/Contents/Developer/Toolchains/XcodeDefault.xctoolchain/usr/bin/../lib/clang/6.0/lib/darwin/libclang_rt.osx.a] ==> lib [/Applications/Xcode.app/Contents/Developer/Toolchains/XcodeDefault.xctoolchain/usr/bin/../lib/clang/6.0/lib/darwin/libclang_rt.osx.a]
  Library search paths: [;/usr/lib;/usr/local/lib]
  Framework search paths: [;/Library/Frameworks/;/System/Library/Frameworks/]
  remove lib [System]
  collapse lib [/Applications/Xcode.app/Contents/Developer/Toolchains/XcodeDefault.xctoolchain/usr/bin/../lib/clang/6.0/lib/darwin/libclang_rt.osx.a] ==> [/Applications/Xcode.app/Contents/Developer/Toolchains/XcodeDefault.xctoolchain/usr/lib/clang/6.0/lib/darwin/libclang_rt.osx.a]
  collapse library dir [/usr/lib] ==> [/usr/lib]
  collapse library dir [/usr/local/lib] ==> [/usr/local/lib]
  collapse framework dir [/Library/Frameworks/] ==> [/Library/Frameworks]
  collapse framework dir [/System/Library/Frameworks/] ==> [/System/Library/Frameworks]
  implicit libs: [c++;/Applications/Xcode.app/Contents/Developer/Toolchains/XcodeDefault.xctoolchain/usr/lib/clang/6.0/lib/darwin/libclang_rt.osx.a]
  implicit dirs: [/usr/lib;/usr/local/lib]
  implicit fwks: [/Library/Frameworks;/System/Library/Frameworks]


Determining if the include file sys/types.h exists passed with the following output:
Change Dir: /Users/johnmuschelli/Dropbox/Packages/drammsr/src/dramms-1.4.1-source/build/bundle/src/BASIS-build/CMakeFiles/CMakeTmp

Run Build Command:"/usr/bin/make" "cmTryCompileExec3877928496/fast"
make -f CMakeFiles/cmTryCompileExec3877928496.dir/build.make CMakeFiles/cmTryCompileExec3877928496.dir/build
/opt/local/bin/cmake -E cmake_progress_report /Users/johnmuschelli/Dropbox/Packages/drammsr/src/dramms-1.4.1-source/build/bundle/src/BASIS-build/CMakeFiles/CMakeTmp/CMakeFiles 1
Building C object CMakeFiles/cmTryCompileExec3877928496.dir/CheckIncludeFile.c.o
/usr/bin/cc   -Wall -mtune=core2 -g -O2      -o CMakeFiles/cmTryCompileExec3877928496.dir/CheckIncludeFile.c.o   -c /Users/johnmuschelli/Dropbox/Packages/drammsr/src/dramms-1.4.1-source/build/bundle/src/BASIS-build/CMakeFiles/CMakeTmp/CheckIncludeFile.c
Linking C executable cmTryCompileExec3877928496
/opt/local/bin/cmake -E cmake_link_script CMakeFiles/cmTryCompileExec3877928496.dir/link.txt --verbose=1
/usr/bin/cc  -Wall -mtune=core2 -g -O2    -Wl,-search_paths_first -Wl,-headerpad_max_install_names   CMakeFiles/cmTryCompileExec3877928496.dir/CheckIncludeFile.c.o  -o cmTryCompileExec3877928496  


Determining if the include file stdint.h exists passed with the following output:
Change Dir: /Users/johnmuschelli/Dropbox/Packages/drammsr/src/dramms-1.4.1-source/build/bundle/src/BASIS-build/CMakeFiles/CMakeTmp

Run Build Command:"/usr/bin/make" "cmTryCompileExec126577662/fast"
make -f CMakeFiles/cmTryCompileExec126577662.dir/build.make CMakeFiles/cmTryCompileExec126577662.dir/build
/opt/local/bin/cmake -E cmake_progress_report /Users/johnmuschelli/Dropbox/Packages/drammsr/src/dramms-1.4.1-source/build/bundle/src/BASIS-build/CMakeFiles/CMakeTmp/CMakeFiles 1
Building C object CMakeFiles/cmTryCompileExec126577662.dir/CheckIncludeFile.c.o
/usr/bin/cc   -Wall -mtune=core2 -g -O2      -o CMakeFiles/cmTryCompileExec126577662.dir/CheckIncludeFile.c.o   -c /Users/johnmuschelli/Dropbox/Packages/drammsr/src/dramms-1.4.1-source/build/bundle/src/BASIS-build/CMakeFiles/CMakeTmp/CheckIncludeFile.c
Linking C executable cmTryCompileExec126577662
/opt/local/bin/cmake -E cmake_link_script CMakeFiles/cmTryCompileExec126577662.dir/link.txt --verbose=1
/usr/bin/cc  -Wall -mtune=core2 -g -O2    -Wl,-search_paths_first -Wl,-headerpad_max_install_names   CMakeFiles/cmTryCompileExec126577662.dir/CheckIncludeFile.c.o  -o cmTryCompileExec126577662  


Determining if the include file stddef.h exists passed with the following output:
Change Dir: /Users/johnmuschelli/Dropbox/Packages/drammsr/src/dramms-1.4.1-source/build/bundle/src/BASIS-build/CMakeFiles/CMakeTmp

Run Build Command:"/usr/bin/make" "cmTryCompileExec2727705260/fast"
make -f CMakeFiles/cmTryCompileExec2727705260.dir/build.make CMakeFiles/cmTryCompileExec2727705260.dir/build
/opt/local/bin/cmake -E cmake_progress_report /Users/johnmuschelli/Dropbox/Packages/drammsr/src/dramms-1.4.1-source/build/bundle/src/BASIS-build/CMakeFiles/CMakeTmp/CMakeFiles 1
Building C object CMakeFiles/cmTryCompileExec2727705260.dir/CheckIncludeFile.c.o
/usr/bin/cc   -Wall -mtune=core2 -g -O2      -o CMakeFiles/cmTryCompileExec2727705260.dir/CheckIncludeFile.c.o   -c /Users/johnmuschelli/Dropbox/Packages/drammsr/src/dramms-1.4.1-source/build/bundle/src/BASIS-build/CMakeFiles/CMakeTmp/CheckIncludeFile.c
Linking C executable cmTryCompileExec2727705260
/opt/local/bin/cmake -E cmake_link_script CMakeFiles/cmTryCompileExec2727705260.dir/link.txt --verbose=1
/usr/bin/cc  -Wall -mtune=core2 -g -O2    -Wl,-search_paths_first -Wl,-headerpad_max_install_names   CMakeFiles/cmTryCompileExec2727705260.dir/CheckIncludeFile.c.o  -o cmTryCompileExec2727705260  


Determining size of long long passed with the following output:
Change Dir: /Users/johnmuschelli/Dropbox/Packages/drammsr/src/dramms-1.4.1-source/build/bundle/src/BASIS-build/CMakeFiles/CMakeTmp

Run Build Command:"/usr/bin/make" "cmTryCompileExec4186814655/fast"
make -f CMakeFiles/cmTryCompileExec4186814655.dir/build.make CMakeFiles/cmTryCompileExec4186814655.dir/build
/opt/local/bin/cmake -E cmake_progress_report /Users/johnmuschelli/Dropbox/Packages/drammsr/src/dramms-1.4.1-source/build/bundle/src/BASIS-build/CMakeFiles/CMakeTmp/CMakeFiles 1
Building C object CMakeFiles/cmTryCompileExec4186814655.dir/LONG_LONG.c.o
/usr/bin/cc   -Wall -mtune=core2 -g -O2      -o CMakeFiles/cmTryCompileExec4186814655.dir/LONG_LONG.c.o   -c /Users/johnmuschelli/Dropbox/Packages/drammsr/src/dramms-1.4.1-source/build/bundle/src/BASIS-build/CMakeFiles/CheckTypeSize/LONG_LONG.c
Linking C executable cmTryCompileExec4186814655
/opt/local/bin/cmake -E cmake_link_script CMakeFiles/cmTryCompileExec4186814655.dir/link.txt --verbose=1
/usr/bin/cc  -Wall -mtune=core2 -g -O2    -Wl,-search_paths_first -Wl,-headerpad_max_install_names   CMakeFiles/cmTryCompileExec4186814655.dir/LONG_LONG.c.o  -o cmTryCompileExec4186814655  


Determining if the CXX compiler has sstream passed with the following output:
Change Dir: /Users/johnmuschelli/Dropbox/Packages/drammsr/src/dramms-1.4.1-source/build/bundle/src/BASIS-build/CMakeFiles/CMakeTmp

Run Build Command:"/usr/bin/make" "cmTryCompileExec2993731480/fast"
make -f CMakeFiles/cmTryCompileExec2993731480.dir/build.make CMakeFiles/cmTryCompileExec2993731480.dir/build
/opt/local/bin/cmake -E cmake_progress_report /Users/johnmuschelli/Dropbox/Packages/drammsr/src/dramms-1.4.1-source/build/bundle/src/BASIS-build/CMakeFiles/CMakeTmp/CMakeFiles 1
Building CXX object CMakeFiles/cmTryCompileExec2993731480.dir/TestForSSTREAM.cxx.o
/usr/bin/c++    -Wall -mtune=core2 -g -O2      -o CMakeFiles/cmTryCompileExec2993731480.dir/TestForSSTREAM.cxx.o -c /opt/local/share/cmake-3.0/Modules/TestForSSTREAM.cxx
Linking CXX executable cmTryCompileExec2993731480
/opt/local/bin/cmake -E cmake_link_script CMakeFiles/cmTryCompileExec2993731480.dir/link.txt --verbose=1
/usr/bin/c++   -Wall -mtune=core2 -g -O2    -Wl,-search_paths_first -Wl,-headerpad_max_install_names   CMakeFiles/cmTryCompileExec2993731480.dir/TestForSSTREAM.cxx.o  -o cmTryCompileExec2993731480  


Determining if files pthread.h exist passed with the following output:
Change Dir: /Users/johnmuschelli/Dropbox/Packages/drammsr/src/dramms-1.4.1-source/build/bundle/src/BASIS-build/CMakeFiles/CMakeTmp

Run Build Command:"/usr/bin/make" "cmTryCompileExec712977497/fast"
make -f CMakeFiles/cmTryCompileExec712977497.dir/build.make CMakeFiles/cmTryCompileExec712977497.dir/build
/opt/local/bin/cmake -E cmake_progress_report /Users/johnmuschelli/Dropbox/Packages/drammsr/src/dramms-1.4.1-source/build/bundle/src/BASIS-build/CMakeFiles/CMakeTmp/CMakeFiles 1
Building C object CMakeFiles/cmTryCompileExec712977497.dir/CheckIncludeFiles.c.o
/usr/bin/cc   -Wall -mtune=core2 -g -O2      -o CMakeFiles/cmTryCompileExec712977497.dir/CheckIncludeFiles.c.o   -c /Users/johnmuschelli/Dropbox/Packages/drammsr/src/dramms-1.4.1-source/build/bundle/src/BASIS-build/CMakeFiles/CMakeTmp/CheckIncludeFiles.c
Linking C executable cmTryCompileExec712977497
/opt/local/bin/cmake -E cmake_link_script CMakeFiles/cmTryCompileExec712977497.dir/link.txt --verbose=1
/usr/bin/cc  -Wall -mtune=core2 -g -O2    -Wl,-search_paths_first -Wl,-headerpad_max_install_names   CMakeFiles/cmTryCompileExec712977497.dir/CheckIncludeFiles.c.o  -o cmTryCompileExec712977497  


Determining if the pthread_create exist passed with the following output:
Change Dir: /Users/johnmuschelli/Dropbox/Packages/drammsr/src/dramms-1.4.1-source/build/bundle/src/BASIS-build/CMakeFiles/CMakeTmp

Run Build Command:"/usr/bin/make" "cmTryCompileExec73995050/fast"
make -f CMakeFiles/cmTryCompileExec73995050.dir/build.make CMakeFiles/cmTryCompileExec73995050.dir/build
/opt/local/bin/cmake -E cmake_progress_report /Users/johnmuschelli/Dropbox/Packages/drammsr/src/dramms-1.4.1-source/build/bundle/src/BASIS-build/CMakeFiles/CMakeTmp/CMakeFiles 1
Building C object CMakeFiles/cmTryCompileExec73995050.dir/CheckSymbolExists.c.o
/usr/bin/cc   -Wall -mtune=core2 -g -O2      -o CMakeFiles/cmTryCompileExec73995050.dir/CheckSymbolExists.c.o   -c /Users/johnmuschelli/Dropbox/Packages/drammsr/src/dramms-1.4.1-source/build/bundle/src/BASIS-build/CMakeFiles/CMakeTmp/CheckSymbolExists.c
Linking C executable cmTryCompileExec73995050
/opt/local/bin/cmake -E cmake_link_script CMakeFiles/cmTryCompileExec73995050.dir/link.txt --verbose=1
/usr/bin/cc  -Wall -mtune=core2 -g -O2    -Wl,-search_paths_first -Wl,-headerpad_max_install_names   CMakeFiles/cmTryCompileExec73995050.dir/CheckSymbolExists.c.o  -o cmTryCompileExec73995050  

File /Users/johnmuschelli/Dropbox/Packages/drammsr/src/dramms-1.4.1-source/build/bundle/src/BASIS-build/CMakeFiles/CMakeTmp/CheckSymbolExists.c:
/* */
#include <pthread.h>

int main(int argc, char** argv)
{
  (void)argv;
#ifndef pthread_create
  return ((int*)(&pthread_create))[argc];
#else
  (void)argc;
  return 0;
#endif
}

