Determining if the include file tr1/tuple exists failed with the following output:
Change Dir: /Users/johnmuschelli/Dropbox/Packages/drammsr/src/dramms-1.4.3-source/build/bundle/CMakeFiles/CMakeTmp

Run Build Command:/usr/bin/make "cmTryCompileExec/fast"
make -f CMakeFiles/cmTryCompileExec.dir/build.make CMakeFiles/cmTryCompileExec.dir/build
"/Applications/CMake 2.8-7.app/Contents/bin/cmake" -E cmake_progress_report /Users/johnmuschelli/Dropbox/Packages/drammsr/src/dramms-1.4.3-source/build/bundle/CMakeFiles/CMakeTmp/CMakeFiles 1
Building CXX object CMakeFiles/cmTryCompileExec.dir/CheckIncludeFile.cxx.o
/usr/bin/c++    -Wall -mtune=core2 -g -O2       -o CMakeFiles/cmTryCompileExec.dir/CheckIncludeFile.cxx.o -c /Users/johnmuschelli/Dropbox/Packages/drammsr/src/dramms-1.4.3-source/build/bundle/CMakeFiles/CMakeTmp/CheckIncludeFile.cxx
/Users/johnmuschelli/Dropbox/Packages/drammsr/src/dramms-1.4.3-source/build/bundle/CMakeFiles/CMakeTmp/CheckIncludeFile.cxx:1:10: fatal error: 'tr1/tuple' file not found
#include <tr1/tuple>
         ^
1 error generated.
make[5]: *** [CMakeFiles/cmTryCompileExec.dir/CheckIncludeFile.cxx.o] Error 1
make[4]: *** [cmTryCompileExec/fast] Error 2


Determining if the function pthread_create exists in the pthreads failed with the following output:
Change Dir: /Users/johnmuschelli/Dropbox/Packages/drammsr/src/dramms-1.4.3-source/build/bundle/CMakeFiles/CMakeTmp

Run Build Command:/usr/bin/make "cmTryCompileExec/fast"
make -f CMakeFiles/cmTryCompileExec.dir/build.make CMakeFiles/cmTryCompileExec.dir/build
"/Applications/CMake 2.8-7.app/Contents/bin/cmake" -E cmake_progress_report /Users/johnmuschelli/Dropbox/Packages/drammsr/src/dramms-1.4.3-source/build/bundle/CMakeFiles/CMakeTmp/CMakeFiles 1
Building C object CMakeFiles/cmTryCompileExec.dir/CheckFunctionExists.c.o
/usr/bin/gcc   -Wall -mtune=core2 -g -O2    -DCHECK_FUNCTION_EXISTS=pthread_create   -o CMakeFiles/cmTryCompileExec.dir/CheckFunctionExists.c.o   -c "/Applications/CMake 2.8-7.app/Contents/share/cmake-2.8/Modules/CheckFunctionExists.c"
Linking C executable cmTryCompileExec
"/Applications/CMake 2.8-7.app/Contents/bin/cmake" -E cmake_link_script CMakeFiles/cmTryCompileExec.dir/link.txt --verbose=1
/usr/bin/gcc   -Wall -mtune=core2 -g -O2    -DCHECK_FUNCTION_EXISTS=pthread_create -Wl,-search_paths_first -Wl,-headerpad_max_install_names   CMakeFiles/cmTryCompileExec.dir/CheckFunctionExists.c.o  -o cmTryCompileExec  -lpthreads 
ld: library not found for -lpthreads
clang: error: linker command failed with exit code 1 (use -v to see invocation)
make[5]: *** [cmTryCompileExec] Error 1
make[4]: *** [cmTryCompileExec/fast] Error 2


